2017/06/06 11:01:06 [I] [value.go:434] ===>UserServer:AllInfos(),<===
2017/06/06 11:18:27 [I] [value.go:434] ===>UserServer:AllInfos(),<===
2017/06/08 15:11:50 [I] [value.go:434] ===>UserServer:AllInfos(),<===
2017/06/08 15:27:19 [I] [value.go:434] ===>UserServer:AllInfos(),<===ok
2017/06/08 15:27:19 [I] [log.go:429] user/send/GetInfoByEmail not find email:
2017/06/08 15:29:51 [I] [value.go:434] ===>UserServer:AllInfos(),<===ok
2017/06/08 15:31:17 [I] [value.go:434] ===>UserServer:AllInfos(),<===ok
2017/06/08 15:40:13 [I] [value.go:434] ===>UserServer:AllInfos(),<===ok
2017/06/08 15:42:05 [I] [value.go:434] ===>UserServer:AllInfos(),<===ok
2017/06/08 15:49:15 [I] [value.go:434] ===>UserServer:AllInfos(),<===ok
2017/06/08 15:49:15 [I] [value.go:434] ===>UserServer:AllInfos(),<===ok
2017/06/08 15:49:15 [I] [value.go:434] ===>UserServer:AllInfos(),<===ok
2017/06/08 15:49:53 [I] [value.go:434] ===>UserServer:AllInfos(),<===ok
2017/06/08 15:49:53 [I] [value.go:434] ===>UserServer:AllInfos(),<===ok
2017/06/08 15:49:53 [I] [value.go:434] ===>UserServer:AllInfos(),<===ok
2017/06/08 17:34:55 [I] [value.go:434] ===>UserServer:AllInfos(),<===ok
2017/06/08 17:34:55 [I] [value.go:434] ===>UserServer:AllInfos(),<===ok
2017/06/08 17:34:55 [I] [value.go:434] ===>UserServer:AllInfos(),<===ok
2017/06/08 17:35:44 [I] [value.go:434] ===>UserServer:AllInfos(),<===ok
2017/06/08 17:35:44 [I] [value.go:434] ===>UserServer:AllInfos(),<===ok
2017/06/08 17:35:44 [I] [value.go:434] ===>UserServer:AllInfos(),<===ok
2017/06/09 12:06:45 [I] [value.go:434] ===>UserServer:AllInfos(),<===ok
2017/06/13 17:03:39 [I] [value.go:434] ===>UserServer:AllInfos(),<===ok
2017/06/13 17:03:42 [I] [value.go:434] ===>UserServer:AllInfos(),<===ok
2017/06/13 17:05:03 [I] [value.go:434] ===>UserServer:AllInfos(),<===ok
2017/06/13 17:05:10 [I] [value.go:434] ===>CronServer:AllCron(),<===ok
2017/06/13 17:46:07 [I] [value.go:434] ===>CronServer:AllCron(),<===ok
2017/06/13 17:50:39 [I] [value.go:434] ===>CronServer:AllCron(),<===ok
2017/06/13 17:51:25 [I] [value.go:434] ===>CronServer:AllCron(),<===ok
2017/06/13 17:51:26 [I] [value.go:434] ===>CronServer:AllCron(),<===ok
2017/06/13 17:51:27 [I] [value.go:434] ===>CronServer:AllCron(),<===ok
2017/06/13 17:51:28 [I] [value.go:434] ===>CronServer:AllCron(),<===ok
2017/06/13 17:51:28 [I] [value.go:434] ===>CronServer:AllCron(),<===ok
2017/06/13 17:51:28 [I] [value.go:434] ===>CronServer:AllCron(),<===ok
2017/06/13 17:51:29 [I] [value.go:434] ===>CronServer:AllCron(),<===ok
2017/06/13 17:51:29 [I] [value.go:434] ===>CronServer:AllCron(),<===ok
2017/06/13 18:06:59 [I] [value.go:434] ===>CronServer:AllCron(),<===ok
2017/06/13 18:07:15 [I] [value.go:434] ===>CronServer:AllCron(),<===ok
2017/06/13 18:07:16 [I] [value.go:434] ===>CronServer:AllCron(),<===ok
2017/06/13 18:07:17 [I] [value.go:434] ===>CronServer:AllCron(),<===ok
2017/06/13 18:07:18 [I] [value.go:434] ===>CronServer:AllCron(),<===ok
2017/06/13 18:07:19 [I] [value.go:434] ===>CronServer:AllCron(),<===ok
2017/06/13 18:07:19 [I] [value.go:434] ===>CronServer:AllCron(),<===ok
2017/06/13 18:07:20 [I] [value.go:434] ===>CronServer:AllCron(),<===ok
2017/06/13 18:07:20 [I] [value.go:434] ===>CronServer:AllCron(),<===ok
2017/06/13 18:07:21 [I] [value.go:434] ===>CronServer:AllCron(),<===ok
2017/06/13 18:07:21 [I] [value.go:434] ===>CronServer:AllCron(),<===ok
2017/06/13 18:07:22 [I] [value.go:434] ===>CronServer:AllCron(),<===ok
2017/06/13 18:07:22 [I] [value.go:434] ===>CronServer:AllCron(),<===ok
2017/06/13 18:07:23 [I] [value.go:434] ===>CronServer:AllCron(),<===ok
2017/06/13 18:07:23 [I] [value.go:434] ===>CronServer:AllCron(),<===ok
2017/06/13 18:07:24 [I] [value.go:434] ===>CronServer:AllCron(),<===ok
2017/06/13 18:07:35 [I] [value.go:434] ===>CronServer:AllCron(),<===ok
2017/06/13 18:07:49 [I] [value.go:434] ===>CronServer:AllCron(),<===ok
2017/06/13 18:07:52 [I] [value.go:434] ===>CronServer:AllCron(),<===ok
2017/06/13 18:07:58 [I] [value.go:434] ===>CronServer:AllCron(),<===ok
2017/06/13 18:08:03 [I] [value.go:434] ===>CronServer:AllCron(),<===ok
2017/06/13 18:08:05 [I] [value.go:434] ===>CronServer:AllCron(),<===ok
2017/06/13 18:08:14 [I] [value.go:434] ===>CronServer:AllCron(),<===ok
2017/06/13 18:08:16 [I] [value.go:434] ===>CronServer:AllCron(),<===ok
2017/06/13 18:08:24 [I] [value.go:434] ===>CronServer:AllCron(),<===ok
2017/06/13 18:08:26 [I] [value.go:434] ===>CronServer:AllCron(),<===ok
2017/06/13 18:08:28 [I] [value.go:434] ===>CronServer:AllCron(),<===ok
2017/06/13 18:08:36 [I] [value.go:434] ===>CronServer:AllCron(),<===ok
2017/06/13 18:08:39 [I] [value.go:434] ===>CronServer:AllCron(),<===ok
2017/06/13 18:09:12 [I] [value.go:434] ===>CronServer:AllCron(),<===ok
2017/06/13 18:09:15 [I] [value.go:434] ===>CronServer:AllCron(),<===ok
2017/06/13 18:09:17 [I] [value.go:434] ===>CronServer:AllCron(),<===ok
2017/06/13 18:09:19 [I] [value.go:434] ===>CronServer:AllCron(),<===ok
2017/06/13 18:09:21 [I] [value.go:434] ===>CronServer:AllCron(),<===ok
2017/06/13 18:09:23 [I] [value.go:434] ===>CronServer:AllCron(),<===ok
2017/06/13 18:09:25 [I] [value.go:434] ===>CronServer:AllCron(),<===ok
2017/06/13 18:09:27 [I] [value.go:434] ===>CronServer:AllCron(),<===ok
2017/06/13 18:09:29 [I] [value.go:434] ===>CronServer:AllCron(),<===ok
2017/06/13 18:09:31 [I] [value.go:434] ===>CronServer:AllCron(),<===ok
2017/06/13 18:10:46 [I] [value.go:434] ===>CronServer:AllCron(),<===ok
2017/06/13 18:10:47 [I] [value.go:434] ===>CronServer:AllCron(),<===ok
2017/06/13 18:10:48 [I] [value.go:434] ===>CronServer:AllCron(),<===ok
2017/06/13 18:10:48 [I] [value.go:434] ===>CronServer:AllCron(),<===ok
2017/06/13 18:10:49 [I] [value.go:434] ===>CronServer:AllCron(),<===ok
2017/06/13 18:26:18 [I] [value.go:434] ===>CronServer:AllCron(),<===ok
2017/06/13 18:26:19 [I] [value.go:434] ===>CronServer:AllCron(),<===ok
2017/06/13 18:26:20 [I] [value.go:434] ===>CronServer:AllCron(),<===ok
2017/06/13 18:26:21 [I] [value.go:434] ===>CronServer:AllCron(),<===ok
2017/06/13 18:26:22 [I] [value.go:434] ===>CronServer:AllCron(),<===ok
2017/06/13 18:26:22 [I] [value.go:434] ===>CronServer:AllCron(),<===ok
2017/06/13 18:26:23 [I] [value.go:434] ===>CronServer:AllCron(),<===ok
2017/06/13 18:26:23 [I] [value.go:434] ===>CronServer:AllCron(),<===ok
2017/06/13 18:26:29 [I] [value.go:434] ===>CronServer:AllCron(),<===ok
2017/06/13 18:26:30 [I] [value.go:434] ===>CronServer:AllCron(),<===ok
2017/06/13 18:26:31 [I] [value.go:434] ===>CronServer:AllCron(),<===ok
2017/06/13 20:33:50 [I] [value.go:434] ===>CronServer:AllCron(),<===ok
2017/06/13 20:33:52 [I] [value.go:434] ===>CronServer:AllCron(),<===ok
2017/06/13 20:33:52 [I] [value.go:434] ===>CronServer:AllCron(),<===ok
2017/06/13 20:33:53 [I] [value.go:434] ===>CronServer:AllCron(),<===ok
2017/06/13 20:33:54 [I] [value.go:434] ===>CronServer:AllCron(),<===ok
2017/06/13 20:33:55 [I] [value.go:434] ===>CronServer:AllCron(),<===ok
2017/06/14 12:13:45 [I] [value.go:434] ===>UserServer:AllInfos(),<===ok
2017/06/14 12:31:06 [I] [value.go:434] ===>UserServer:AllInfos(),<===ok
2017/06/14 12:32:14 [I] [value.go:434] ===>UserServer:AllInfos(),<===ok
2017/06/14 14:11:58 [I] [value.go:434] ===>UserServer:AllInfos(),<===ok
2017/06/14 14:15:01 [I] [value.go:434] ===>UserServer:AllInfos(),<===ok
2017/06/14 14:19:40 [I] [value.go:434] ===>CronServer:AllCron(),<===ok
2017/06/14 14:19:44 [I] [value.go:434] ===>CronServer:AllCron(),<===ok
2017/06/14 14:19:45 [I] [value.go:434] ===>CronServer:AllCron(),<===ok
2017/06/14 14:19:46 [I] [value.go:434] ===>CronServer:AllCron(),<===ok
2017/06/14 14:19:47 [I] [value.go:434] ===>CronServer:AllCron(),<===ok
2017/06/14 14:19:47 [I] [value.go:434] ===>CronServer:AllCron(),<===ok
2017/06/14 14:19:48 [I] [value.go:434] ===>CronServer:AllCron(),<===ok
2017/06/14 14:19:48 [I] [value.go:434] ===>CronServer:AllCron(),<===ok
2017/06/14 14:19:49 [I] [value.go:434] ===>CronServer:AllCron(),<===ok
2017/06/14 14:19:49 [I] [value.go:434] ===>CronServer:AllCron(),<===ok
2017/06/14 14:19:50 [I] [value.go:434] ===>CronServer:AllCron(),<===ok
2017/06/14 14:19:50 [I] [value.go:434] ===>CronServer:AllCron(),<===ok
2017/06/14 14:19:51 [I] [value.go:434] ===>CronServer:AllCron(),<===ok
2017/06/14 14:19:52 [I] [value.go:434] ===>CronServer:AllCron(),<===ok
2017/06/14 14:19:52 [I] [value.go:434] ===>CronServer:AllCron(),<===ok
2017/06/14 14:19:53 [I] [value.go:434] ===>CronServer:AllCron(),<===ok
2017/06/14 14:20:28 [I] [value.go:434] ===>CronServer:AllCron(),<===ok
2017/06/14 14:52:40 [I] [value.go:434] ===>CronServer:AllCron(),<===ok
2017/06/14 14:52:44 [I] [log.go:429] user/send/GetInfoByEmail not find email:
2017/06/14 14:52:48 [I] [log.go:429] user/send/GetInfoByEmail not find email:qq.com
2017/06/14 14:53:10 [I] [value.go:434] ===>UserServer:AllInfos(),<===ok
2017/06/14 14:53:28 [I] [log.go:429] user/send/GetInfoByEmail not find email:
2017/06/14 14:58:14 [I] [value.go:434] ===>CronServer:AllCron(),<===ok
2017/06/14 14:58:16 [I] [value.go:434] ===>UserServer:AllInfos(),<===ok
2017/06/14 14:58:16 [I] [value.go:434] ===>UserServer:AllInfos(),<===ok
2017/06/14 14:58:18 [I] [value.go:434] ===>UserServer:AllInfos(),<===ok
2017/06/14 14:58:18 [I] [value.go:434] ===>UserServer:AllInfos(),<===ok
2017/06/14 14:58:23 [I] [value.go:434] ===>UserServer:AllInfos(),<===ok
2017/06/14 14:58:23 [I] [value.go:434] ===>UserServer:AllInfos(),<===ok
2017/06/14 14:58:24 [I] [value.go:434] ===>UserServer:AllInfos(),<===ok
2017/06/14 14:58:24 [I] [value.go:434] ===>UserServer:AllInfos(),<===ok
2017/06/14 15:53:15 [I] [value.go:434] ===>CronServer:AllCron(),<===ok
